<?xml version="1.0" encoding="UTF-8"?>
<!-- Generated by org.testng.reporters.JUnitReportReporter -->
<testsuite hostname="DESKTOP-DNP7UUA" failures="0" tests="1" name="com.Testpages.LoginpageTest" time="3.858" errors="0" timestamp="2023-09-29T13:00:20 IST" skipped="0">
  <testcase classname="com.Testpages.LoginpageTest" name="loginpage" time="3.858"/>
  <system-out/>
</testsuite> <!-- com.Testpages.LoginpageTest -->
