<?xml version="1.0" encoding="UTF-8"?>
<!-- Generated by org.testng.reporters.JUnitReportReporter -->
<testsuite hostname="DESKTOP-DNP7UUA" failures="0" tests="1" name="com.Testpages.PostalTest" time="21.296" errors="0" timestamp="2023-10-14T16:18:29 IST" skipped="0">
  <testcase classname="com.Testpages.PostalTest" name="postaltest" time="21.296"/>
  <system-out/>
</testsuite> <!-- com.Testpages.PostalTest -->
