<?xml version="1.0" encoding="UTF-8"?>
<!-- Generated by org.testng.reporters.JUnitReportReporter -->
<testsuite hostname="DESKTOP-DNP7UUA" failures="0" tests="1" name="com.Testpages.ComplainTest" time="16.634" errors="0" timestamp="2023-10-14T17:09:23 IST" skipped="0">
  <testcase classname="com.Testpages.ComplainTest" name="complaintest" time="16.634"/>
  <system-out/>
</testsuite> <!-- com.Testpages.ComplainTest -->
