<?xml version="1.0" encoding="UTF-8"?>
<!-- Generated by org.testng.reporters.JUnitReportReporter -->
<testsuite hostname="DESKTOP-DNP7UUA" failures="0" tests="1" name="com.Testpages.FronofficevisitoBook" time="29.097" errors="0" timestamp="2023-10-04T13:53:22 IST" skipped="0">
  <testcase classname="com.Testpages.FronofficevisitoBook" name="frontofficevisitbook" time="29.097"/>
  <system-out/>
</testsuite> <!-- com.Testpages.FronofficevisitoBook -->
