<?xml version="1.0" encoding="UTF-8"?>
<!-- Generated by org.testng.reporters.JUnitReportReporter -->
<testsuite hostname="DESKTOP-DNP7UUA" failures="0" tests="1" name="com.Testpages.FrontofficePhonecallLogTest" time="14.030" errors="0" timestamp="2023-10-04T11:06:21 IST" skipped="0">
  <testcase classname="com.Testpages.FrontofficePhonecallLogTest" name="frontofficePhonecallLog" time="14.030"/>
  <system-out/>
</testsuite> <!-- com.Testpages.FrontofficePhonecallLogTest -->
