<?xml version="1.0" encoding="UTF-8"?>
<!-- Generated by org.testng.reporters.JUnitReportReporter -->
<testsuite hostname="DESKTOP-DNP7UUA" failures="0" tests="1" name="com.Testpages.FrontofficeTest" time="17.551" errors="0" timestamp="2023-10-04T11:01:29 IST" skipped="0">
  <testcase classname="com.Testpages.FrontofficeTest" name="frontoffice" time="17.551"/>
  <system-out/>
</testsuite> <!-- com.Testpages.FrontofficeTest -->
